[2025-12-06 12:47:29,062] [INFO] [test_logger_simple.py:8] - 🔍 Test log entry - Start
[2025-12-06 12:47:29,062] [INFO] [test_logger_simple.py:9] - This is a test message to verify logging configuration.
[2025-12-06 12:47:29,062] [INFO] [test_logger_simple.py:10] - Log file should be at: D:\DataAnalyze\DataAnalyzer1.2_TRAE\logs
[2025-12-06 12:47:29,062] [INFO] [test_logger_simple.py:11] - 🔍 Test log entry - End
[2025-12-06 12:47:47,140] [INFO] [app.py:838] - 🚀 启动智能数据库分析系统
[2025-12-06 12:47:47,141] [INFO] [app.py:839] - 📊 功能: CSV导入 + AI分析 + 历史记录
[2025-12-06 12:47:47,141] [INFO] [app.py:840] - 🌐 地址: http://localhost:5000
[2025-12-06 12:47:48,990] [INFO] [app.py:838] - 🚀 启动智能数据库分析系统
[2025-12-06 12:47:48,990] [INFO] [app.py:839] - 📊 功能: CSV导入 + AI分析 + 历史记录
[2025-12-06 12:47:48,991] [INFO] [app.py:840] - 🌐 地址: http://localhost:5000
[2025-12-06 12:57:16,778] [INFO] [app.py:841] - 🚀 启动智能数据库分析系统
[2025-12-06 12:57:16,778] [INFO] [app.py:842] - 📊 功能: CSV导入 + AI分析 + 历史记录
[2025-12-06 12:57:16,778] [INFO] [app.py:843] - 🌐 地址: http://localhost:5000
[2025-12-06 12:57:28,623] [INFO] [app.py:842] - 🚀 启动智能数据库分析系统
[2025-12-06 12:57:28,623] [INFO] [app.py:843] - 📊 功能: CSV导入 + AI分析 + 历史记录
[2025-12-06 12:57:28,623] [INFO] [app.py:844] - 🌐 地址: http://localhost:5000
[2025-12-06 12:57:38,724] [INFO] [app.py:842] - 🚀 启动智能数据库分析系统
[2025-12-06 12:57:38,724] [INFO] [app.py:843] - 📊 功能: CSV导入 + AI分析 + 历史记录
[2025-12-06 12:57:38,725] [INFO] [app.py:844] - 🌐 地址: http://localhost:5000
[2025-12-06 12:57:40,581] [INFO] [app.py:842] - 🚀 启动智能数据库分析系统
[2025-12-06 12:57:40,582] [INFO] [app.py:843] - 📊 功能: CSV导入 + AI分析 + 历史记录
[2025-12-06 12:57:40,582] [INFO] [app.py:844] - 🌐 地址: http://localhost:5000
[2025-12-06 13:00:00,893] [INFO] [app.py:842] - 🚀 启动智能数据库分析系统
[2025-12-06 13:00:00,893] [INFO] [app.py:843] - 📊 功能: CSV导入 + AI分析 + 历史记录
[2025-12-06 13:00:00,894] [INFO] [app.py:844] - 🌐 地址: http://localhost:5000
[2025-12-06 13:00:11,150] [INFO] [app.py:842] - 🚀 启动智能数据库分析系统
[2025-12-06 13:00:11,150] [INFO] [app.py:843] - 📊 功能: CSV导入 + AI分析 + 历史记录
[2025-12-06 13:00:11,151] [INFO] [app.py:844] - 🌐 地址: http://localhost:5000
[2025-12-06 13:00:22,314] [INFO] [app.py:842] - 🚀 启动智能数据库分析系统
[2025-12-06 13:00:22,315] [INFO] [app.py:843] - 📊 功能: CSV导入 + AI分析 + 历史记录
[2025-12-06 13:00:22,315] [INFO] [app.py:844] - 🌐 地址: http://localhost:5000
[2025-12-06 13:00:24,273] [INFO] [app.py:842] - 🚀 启动智能数据库分析系统
[2025-12-06 13:00:24,273] [INFO] [app.py:843] - 📊 功能: CSV导入 + AI分析 + 历史记录
[2025-12-06 13:00:24,273] [INFO] [app.py:844] - 🌐 地址: http://localhost:5000
[2025-12-06 13:04:15,605] [INFO] [app.py:848] - 🚀 启动智能数据库分析系统
[2025-12-06 13:04:15,605] [INFO] [app.py:849] - 📊 功能: CSV导入 + AI分析 + 历史记录
[2025-12-06 13:04:15,605] [INFO] [app.py:850] - 🌐 地址: http://localhost:5000
[2025-12-06 13:04:28,528] [INFO] [app.py:848] - 🚀 启动智能数据库分析系统
[2025-12-06 13:04:28,529] [INFO] [app.py:849] - 📊 功能: CSV导入 + AI分析 + 历史记录
[2025-12-06 13:04:28,529] [INFO] [app.py:850] - 🌐 地址: http://localhost:5000
[2025-12-06 13:04:30,482] [INFO] [app.py:848] - 🚀 启动智能数据库分析系统
[2025-12-06 13:04:30,482] [INFO] [app.py:849] - 📊 功能: CSV导入 + AI分析 + 历史记录
[2025-12-06 13:04:30,482] [INFO] [app.py:850] - 🌐 地址: http://localhost:5000
[2025-12-06 13:07:37,025] [INFO] [app.py:848] - 🚀 启动智能数据库分析系统
[2025-12-06 13:07:37,025] [INFO] [app.py:849] - 📊 功能: CSV导入 + AI分析 + 历史记录
[2025-12-06 13:07:37,025] [INFO] [app.py:850] - 🌐 地址: http://localhost:5000
[2025-12-06 13:07:47,458] [INFO] [app.py:848] - 🚀 启动智能数据库分析系统
[2025-12-06 13:07:47,458] [INFO] [app.py:849] - 📊 功能: CSV导入 + AI分析 + 历史记录
[2025-12-06 13:07:47,459] [INFO] [app.py:850] - 🌐 地址: http://localhost:5000
[2025-12-06 13:07:49,319] [INFO] [app.py:848] - 🚀 启动智能数据库分析系统
[2025-12-06 13:07:49,319] [INFO] [app.py:849] - 📊 功能: CSV导入 + AI分析 + 历史记录
[2025-12-06 13:07:49,320] [INFO] [app.py:850] - 🌐 地址: http://localhost:5000
